[38408:43220:0610/175031.086:VERBOSE1:components\enterprise\browser\controller\chrome_browser_cloud_management_controller.cc:122] DM token = empty
[38408:43220:0610/175031.086:VERBOSE1:components\enterprise\browser\controller\chrome_browser_cloud_management_controller.cc:128] Enrollment token = 
[38408:43220:0610/175031.086:VERBOSE1:components\enterprise\browser\controller\chrome_browser_cloud_management_controller.cc:129] Client ID = ea312d74-f943-4bce-bb38-cf6350d4b152
[38408:43220:0610/175031.087:VERBOSE1:components\variations\service\variations_field_trial_creator.cc:77] VariationsSeedUsage:2
[38408:43220:0610/175031.087:VERBOSE1:components\variations\service\variations_field_trial_creator.cc:374] VariationsSetupComplete
[38408:43220:0610/175031.163:VERBOSE1:chrome\browser\media\webrtc\webrtc_event_log_manager.cc:126] WebRTC remote-bound event logging enabled.
[38408:43220:0610/175031.168:VERBOSE1:components\proxy_config\pref_proxy_config_tracker_impl.cc:462] 0x449400110340: set chrome proxy config service to 0x44940016c380
[38408:43220:0610/175031.183:VERBOSE1:components\device_event_log\device_event_log_impl.cc:203] [17:50:31.189] Display: EVENT: screen_win.cc:1092 Displays updated, count: 1
[38408:43220:0610/175031.183:VERBOSE1:components\device_event_log\device_event_log_impl.cc:203] [17:50:31.193] Display: EVENT: screen_win.cc:1094 Display[1] bounds=[0,0 800x600], workarea=[0,0 800x600], scale=1, rotation=0, panel_rotation=0 external detected
[38408:43220:0610/175031.214:VERBOSE1:components\enterprise\browser\controller\chrome_browser_cloud_management_controller.cc:211] Starting CBCM Controller Initialization
[38408:43220:0610/175031.214:INFO:components\enterprise\browser\controller\chrome_browser_cloud_management_controller.cc:239] No machine level policy manager exists.
[38408:43220:0610/175031.214:VERBOSE1:chrome\installer\util\install_util.cc:218] Existing Chrome version found: 149.0.7827.103
[38408:43220:0610/175031.214:VERBOSE1:chrome\browser\enterprise\platform_auth\platform_auth_policy_observer.cc:108] PlatformAuthProviderManager enabled: 0
[38408:43220:0610/175031.224:VERBOSE1:components\policy\core\common\cloud\user_cloud_policy_store.cc:130] [policy_type=google/chrome/user] Initiating immediate policy load from disk
[38408:43220:0610/175031.224:VERBOSE1:components\policy\core\common\cloud\user_cloud_policy_store.cc:233] [policy_type=google/chrome/user] No policy found on disk
[38408:43220:0610/175031.224:VERBOSE1:components\policy\core\common\cloud\user_cloud_policy_store.cc:130] [policy_type=google/extension-install-cloud-policy/chrome/user] Initiating immediate policy load from disk
[38408:43220:0610/175031.224:VERBOSE1:components\policy\core\common\cloud\user_cloud_policy_store.cc:233] [policy_type=google/extension-install-cloud-policy/chrome/user] No policy found on disk
[38408:43220:0610/175031.248:VERBOSE1:components\proxy_config\pref_proxy_config_tracker_impl.cc:462] 0x449400114440: set chrome proxy config service to 0x44940016e840
[38408:43220:0610/175031.251:VERBOSE1:components\signin\internal\identity_manager\mutable_profile_oauth2_token_service_delegate.cc:353] MutablePO2TS::MutablePO2TS
[38408:43220:0610/175031.256:VERBOSE1:google_apis\gaia\gaia_auth_util.cc:53] Canonicalized @gmail.com to @gmail.com
[38408:43220:0610/175031.256:VERBOSE1:google_apis\gaia\gaia_auth_util.cc:53] Canonicalized @gmail.com to @gmail.com
[38408:43220:0610/175031.258:VERBOSE1:components\signin\core\browser\account_reconcilor.cc:150] AccountReconcilor::AccountReconcilor
[38408:43220:0610/175031.258:VERBOSE1:components\signin\core\browser\account_reconcilor.cc:180] AccountReconcilor::Initialize
[38408:43220:0610/175031.258:VERBOSE1:components\signin\core\browser\account_reconcilor.cc:231] AccountReconcilor::RegisterWithContentSettings
[38408:43220:0610/175031.258:VERBOSE1:components\signin\core\browser\account_reconcilor.cc:254] AccountReconcilor::RegisterWithIdentityManager
[38408:39236:0610/175031.266:VERBOSE1:components\signin\public\webdata\token_service_table.cc:259] Loaded tokens: result = 3 ; number of tokens loaded = 0
[38408:43220:0610/175031.266:VERBOSE1:components\proxy_config\pref_proxy_config_tracker_impl.cc:462] 0x449400116180: set chrome proxy config service to 0x449400170b40
[38408:43220:0610/175031.266:VERBOSE1:chrome\browser\permissions\prediction_service\prediction_model_handler_provider_factory.cc:61] [PermissionsAI]: PredictionModelHandlerProviderFactory::BuildServiceInstanceForBrowserContext
[38408:43220:0610/175031.266:VERBOSE1:chrome\browser\permissions\prediction_service\prediction_model_handler_provider_factory.cc:98] [PermissionsAI]: PredictionModelHandlerProviderFactory::BuildServiceInstanceForBrowserContext PermissionsAIv4 not enabled, passage embedder not setup.
[38408:43220:0610/175031.266:VERBOSE1:chrome\browser\permissions\prediction_service\prediction_model_handler_provider.cc:55] [PermissionsAI] PredictionModelHandlerProvider ctor passage_embedder available: false
[38408:43220:0610/175031.266:VERBOSE1:chrome\browser\permissions\prediction_service\prediction_model_handler_provider.cc:58] [PermissionsAI] PredictionModelHandlerProvider ctor optimization_guide available: true
[38408:43220:0610/175031.268:VERBOSE1:components\signin\internal\identity_manager\mutable_profile_oauth2_token_service_delegate.cc:443] MutablePO2TS::RefreshTokenIsAvailable
[38408:42460:0610/175031.268:VERBOSE1:net\disk_cache\simple\simple_index_file.cc:625] Simple Cache Index is being restored from disk.
[38408:43220:0610/175031.268:VERBOSE1:components\signin\internal\identity_manager\mutable_profile_oauth2_token_service_delegate.cc:443] MutablePO2TS::RefreshTokenIsAvailable
[38408:43220:0610/175031.268:VERBOSE1:chrome\browser\actor\aggregated_journal.cc:232] [ActorTool]: GlicActorPolicyChecker::ComputeActOnWebCapability: outcome=kNo reasons=kAccountCapabilityIneligible 
[38408:43220:0610/175031.268:VERBOSE1:components\signin\internal\identity_manager\mutable_profile_oauth2_token_service_delegate.cc:443] MutablePO2TS::RefreshTokenIsAvailable
[38408:43220:0610/175031.268:VERBOSE1:components\signin\internal\identity_manager\mutable_profile_oauth2_token_service_delegate.cc:443] MutablePO2TS::RefreshTokenIsAvailable
[38408:43220:0610/175031.268:VERBOSE1:components\signin\internal\identity_manager\mutable_profile_oauth2_token_service_delegate.cc:443] MutablePO2TS::RefreshTokenIsAvailable
[38408:43220:0610/175031.274:VERBOSE1:components\signin\internal\identity_manager\mutable_profile_oauth2_token_service_delegate.cc:443] MutablePO2TS::RefreshTokenIsAvailable
[38408:43220:0610/175031.281:VERBOSE1:extensions\browser\extension_registrar.cc:547] AddComponentExtension Web Store
[38408:43220:0610/175031.281:VERBOSE1:extensions\browser\extension_registrar.cc:549] Component extension Web Store (ahfgeienlihckogmohjhadlkjgocpleb) installing/upgrading from '' to 0.2
[38408:43220:0610/175031.282:VERBOSE1:extensions\browser\extension_registrar.cc:547] AddComponentExtension Chrome PDF Viewer
[38408:43220:0610/175031.282:VERBOSE1:extensions\browser\extension_registrar.cc:549] Component extension Chrome PDF Viewer (mhjfbmdgcfjbbpaeojofohoefgiehjai) installing/upgrading from '' to 1
[38408:43220:0610/175031.282:VERBOSE1:extensions\browser\extension_registrar.cc:547] AddComponentExtension Google Hangouts
[38408:43220:0610/175031.282:VERBOSE1:extensions\browser\extension_registrar.cc:549] Component extension Google Hangouts (nkeimhogjdpnpccoofpliimaahmaaome) installing/upgrading from '' to 1.3.26
[38408:43220:0610/175031.282:VERBOSE1:extensions\browser\extension_registrar.cc:547] AddComponentExtension Google Network Speech
[38408:43220:0610/175031.282:VERBOSE1:extensions\browser\extension_registrar.cc:549] Component extension Google Network Speech (fignfifoniblkonapihmkfakmlgkbkcf) installing/upgrading from '' to 1.0
[38408:43220:0610/175031.284:VERBOSE1:components\signin\internal\identity_manager\mutable_profile_oauth2_token_service_delegate.cc:443] MutablePO2TS::RefreshTokenIsAvailable
[38408:43220:0610/175031.284:VERBOSE1:components\signin\internal\identity_manager\mutable_profile_oauth2_token_service_delegate.cc:443] MutablePO2TS::RefreshTokenIsAvailable
[38408:39236:0610/175031.286:VERBOSE1:components\component_updater\component_installer.cc:477] StartRegistration for Chrome Improved Recovery
[38408:30412:0610/175031.286:VERBOSE1:components\component_updater\component_installer.cc:477] StartRegistration for Widevine Content Decryption Module
[38408:24556:0610/175031.286:VERBOSE1:components\component_updater\component_installer.cc:477] StartRegistration for Subresource Filter Rules
[38408:43220:0610/175031.286:VERBOSE1:components\component_updater\installer_policies\on_device_head_suggest_component_installer.cc:59] On Device Head Component will fetch model for locale: ENUS500000
[38408:43220:0610/175031.286:VERBOSE1:chrome\browser\component_updater\trust_token_key_commitments_component_installer.cc:22] Registering Trust Token Key Commitments component.
[38408:26448:0610/175031.286:VERBOSE1:components\component_updater\component_installer.cc:477] StartRegistration for OnDeviceHeadSuggest
[38408:21596:0610/175031.286:VERBOSE1:components\component_updater\component_installer.cc:477] StartRegistration for Optimization Hints
[38408:43020:0610/175031.286:VERBOSE1:components\component_updater\component_installer.cc:477] StartRegistration for Trust Token Key Commitments
[38408:43220:0610/175031.286:VERBOSE1:chrome\browser\component_updater\first_party_sets_component_installer.cc:37] Registering Related Website Sets component.
[38408:43220:0610/175031.286:VERBOSE1:chrome\browser\component_updater\privacy_sandbox_attestations_component_installer.cc:181] Registering Privacy Sandbox Attestations component
[38408:43220:0610/175031.286:VERBOSE1:chrome\browser\component_updater\file_type_policies_component_installer.cc:126] Registering File Type Policies component.
[38408:43020:0610/175031.286:VERBOSE1:components\component_updater\component_installer.cc:477] StartRegistration for Certificate Error Assistant
[38408:26448:0610/175031.286:VERBOSE1:components\component_updater\component_installer.cc:477] StartRegistration for File Type Policies
[38408:24556:0610/175031.286:VERBOSE1:components\component_updater\component_installer.cc:477] StartRegistration for Privacy Sandbox Attestations
[38408:30412:0610/175031.286:VERBOSE1:components\component_updater\component_installer.cc:312] Preinstalled component found for Widevine Content Decryption Module at C:\Program Files\Google\Chrome\Application\149.0.7827.103\WidevineCdm with version 4.10.3050.0.
[38408:43220:0610/175031.290:VERBOSE1:chrome\browser\component_updater\hyphenation_component_installer.cc:148] Registering Hyphenation component.
[38408:21596:0610/175031.290:VERBOSE1:components\component_updater\component_installer.cc:477] StartRegistration for PKI Metadata
[38408:42052:0610/175031.292:VERBOSE1:components\component_updater\component_installer.cc:477] StartRegistration for Safety Tips
[38408:32684:0610/175031.292:VERBOSE1:components\component_updater\component_installer.cc:477] StartRegistration for Crowd Deny
[38408:43020:0610/175031.292:VERBOSE1:components\component_updater\component_installer.cc:477] StartRegistration for Hyphenation
[38408:26448:0610/175031.292:VERBOSE1:components\component_updater\component_installer.cc:477] StartRegistration for Zxcvbn Data Dictionaries
[38408:38416:0610/175031.290:VERBOSE1:components\component_updater\component_installer.cc:477] StartRegistration for Origin Trials
[38408:43220:0610/175031.290:VERBOSE1:components\component_updater\installer_policies\actor_safety_lists_component_installer.cc:140] Registering Actor Safety Lists Component.
[38408:43220:0610/175031.292:VERBOSE1:chrome\browser\component_updater\translate_kit_component_installer.cc:210] Registering TranslateKit component.
[38408:42052:0610/175031.292:VERBOSE1:components\component_updater\component_installer.cc:477] StartRegistration for Actor Safety Lists
[38408:26448:0610/175031.292:VERBOSE1:components\component_updater\component_installer.cc:477] StartRegistration for Amount Extraction Heuristic Regexes
[38408:24556:0610/175031.292:VERBOSE1:components\component_updater\component_installer.cc:312] Preinstalled component found for Privacy Sandbox Attestations at C:\Program Files\Google\Chrome\Application\149.0.7827.103\PrivacySandboxAttestationsPreloaded with version 2025.7.18.0.
[38408:39780:0610/175031.290:VERBOSE1:components\component_updater\component_installer.cc:477] StartRegistration for MEI Preload
[38408:43220:0610/175031.292:VERBOSE1:chrome\browser\component_updater\wasm_tts_engine_component_installer.cc:286] Registering WASM TTS Engine component.
[38408:43220:0610/175031.293:VERBOSE1:chrome\browser\component_updater\captcha_provider_component_installer.cc:175] Registering Captcha Provider component.
[38408:38416:0610/175031.293:VERBOSE1:components\component_updater\component_installer.cc:477] StartRegistration for WASM TTS Engine
[38408:42052:0610/175031.293:VERBOSE1:components\component_updater\component_installer.cc:477] StartRegistration for Captcha Providers
[38408:39780:0610/175031.293:VERBOSE1:components\component_updater\component_installer.cc:312] Preinstalled component found for MEI Preload at C:\Program Files\Google\Chrome\Application\149.0.7827.103\MEIPreload with version 1.0.7.1652906823.
[38408:43220:0610/175031.293:VERBOSE1:chrome\browser\profiles\profile_manager.cc:1408] AddKeepAlive(Default, kBrowserWindow). keep_alives=[kWaitingForFirstBrowserWindow (1), kBrowserWindow (1)]
[38408:43220:0610/175031.293:VERBOSE1:chrome\browser\profiles\profile_manager.cc:1490] ClearFirstBrowserWindowKeepAlive(Default). keep_alives=[kBrowserWindow (1)]
[38408:43220:0610/175031.293:VERBOSE1:components\signin\internal\identity_manager\mutable_profile_oauth2_token_service_delegate.cc:443] MutablePO2TS::RefreshTokenIsAvailable
[38408:43220:0610/175031.293:VERBOSE1:components\signin\internal\identity_manager\mutable_profile_oauth2_token_service_delegate.cc:443] MutablePO2TS::RefreshTokenIsAvailable
[38408:39236:0610/175031.295:VERBOSE1:components\component_updater\component_installer.cc:477] StartRegistration for CRLSet
[38408:43220:0610/175031.301:VERBOSE1:components\signin\internal\identity_manager\mutable_profile_oauth2_token_service_delegate.cc:443] MutablePO2TS::RefreshTokenIsAvailable
[38408:43220:0610/175031.301:VERBOSE1:components\signin\internal\identity_manager\mutable_profile_oauth2_token_service_delegate.cc:443] MutablePO2TS::RefreshTokenIsAvailable
[38408:22572:0610/175031.307:VERBOSE1:extensions\browser\content_verifier\content_verifier.cc:944] OnFetchComplete ahfgeienlihckogmohjhadlkjgocpleb success:0
[38408:22572:0610/175031.307:VERBOSE1:extensions\browser\content_verifier\content_verifier.cc:944] OnFetchComplete mhjfbmdgcfjbbpaeojofohoefgiehjai success:0
[38408:22572:0610/175031.307:VERBOSE1:extensions\browser\content_verifier\content_verifier.cc:944] OnFetchComplete nkeimhogjdpnpccoofpliimaahmaaome success:0
[38408:22572:0610/175031.307:VERBOSE1:extensions\browser\content_verifier\content_verifier.cc:944] OnFetchComplete fignfifoniblkonapihmkfakmlgkbkcf success:0
[38408:42460:0610/175031.309:WARNING:chrome\browser\extensions\external_pref_loader.cc:294] You are using an old-style extension deployment method (external_extensions.json), which will soon be deprecated. (see http://developer.chrome.com/docs/extensions/how-to/distribute/install-extensions)
[38408:43220:0610/175031.349:VERBOSE1:chrome\browser\ui\views\omnibox\omnibox_popup_closer.cc:65] Closing omnibox popup with reason: kRevertAll
[38408:43220:0610/175031.349:VERBOSE1:chrome\browser\ui\views\omnibox\omnibox_popup_closer.cc:65] Closing omnibox popup with reason: kBrowserWidgetMoved
[38408:43220:0610/175031.361:VERBOSE1:components\signin\internal\identity_manager\mutable_profile_oauth2_token_service_delegate.cc:443] MutablePO2TS::RefreshTokenIsAvailable
[38408:43220:0610/175031.384:VERBOSE1:chrome\browser\enterprise\data_protection\data_protection_navigation_observer.cc:227] enterprise.data_protection: same document navigation: 0
[38408:43220:0610/175031.384:VERBOSE1:chrome\browser\enterprise\data_protection\data_protection_navigation_observer.cc:229] enterprise.data_protection: URL to scan: http://localhost:8000/
[38408:43220:0610/175031.384:VERBOSE1:components\signin\internal\identity_manager\mutable_profile_oauth2_token_service_delegate.cc:443] MutablePO2TS::RefreshTokenIsAvailable
[38408:43220:0610/175031.392:VERBOSE1:chrome\browser\ui\views\omnibox\omnibox_popup_closer.cc:65] Closing omnibox popup with reason: kRevertAll
[38408:43220:0610/175031.404:VERBOSE1:components\signin\internal\identity_manager\mutable_profile_oauth2_token_service_delegate.cc:443] MutablePO2TS::RefreshTokenIsAvailable
[38408:43220:0610/175031.411:VERBOSE1:components\signin\internal\identity_manager\mutable_profile_oauth2_token_service_delegate.cc:599] MutablePO2TS::OnWebDataServiceRequestDone. Result type: 6
[38408:43220:0610/175031.411:VERBOSE1:components\signin\internal\identity_manager\mutable_profile_oauth2_token_service_delegate.cc:661] MutablePO2TS::LoadAllCredentialsIntoMemory; 0 credential(s).
[38408:43220:0610/175031.411:VERBOSE1:components\signin\internal\identity_manager\mutable_profile_oauth2_token_service_delegate.cc:443] MutablePO2TS::RefreshTokenIsAvailable
[38408:43220:0610/175031.411:VERBOSE1:google_apis\gaia\gaia_auth_util.cc:53] Canonicalized @gmail.com to @gmail.com
[38408:43220:0610/175031.411:VERBOSE1:google_apis\gaia\gaia_auth_util.cc:53] Canonicalized @gmail.com to @gmail.com
[38408:43220:0610/175031.411:VERBOSE1:components\signin\internal\identity_manager\mutable_profile_oauth2_token_service_delegate.cc:443] MutablePO2TS::RefreshTokenIsAvailable
[38408:43220:0610/175031.411:VERBOSE1:components\signin\internal\identity_manager\mutable_profile_oauth2_token_service_delegate.cc:443] MutablePO2TS::RefreshTokenIsAvailable
[38408:43220:0610/175031.411:VERBOSE1:components\signin\internal\identity_manager\mutable_profile_oauth2_token_service_delegate.cc:443] MutablePO2TS::RefreshTokenIsAvailable
[38408:43220:0610/175031.411:VERBOSE1:components\signin\internal\identity_manager\mutable_profile_oauth2_token_service_delegate.cc:443] MutablePO2TS::RefreshTokenIsAvailable
[38408:43220:0610/175031.411:VERBOSE1:components\signin\internal\identity_manager\mutable_profile_oauth2_token_service_delegate.cc:443] MutablePO2TS::RefreshTokenIsAvailable
[38408:43220:0610/175031.411:VERBOSE1:components\signin\internal\identity_manager\mutable_profile_oauth2_token_service_delegate.cc:443] MutablePO2TS::RefreshTokenIsAvailable
[38408:43220:0610/175031.411:VERBOSE1:components\signin\internal\identity_manager\mutable_profile_oauth2_token_service_delegate.cc:443] MutablePO2TS::RefreshTokenIsAvailable
[38408:43220:0610/175031.411:VERBOSE1:components\signin\internal\identity_manager\mutable_profile_oauth2_token_service_delegate.cc:443] MutablePO2TS::RefreshTokenIsAvailable
[38408:43220:0610/175031.411:VERBOSE1:components\signin\core\browser\account_reconcilor.cc:339] AccountReconcilor::OnEndBatchOfRefreshTokenStateChanges. Reconcilor state: 1
[38408:43220:0610/175031.419:VERBOSE1:components\signin\internal\identity_manager\mutable_profile_oauth2_token_service_delegate.cc:443] MutablePO2TS::RefreshTokenIsAvailable
[38408:43220:0610/175031.421:WARNING:chrome\browser\extensions\external_registry_loader_win.cc:236] Error observing HKLM: Access is denied. (0x5)
[46944:47848:0610/175031.422:VERBOSE1:net\base\network_delegate.cc:38] NetworkDelegate::NotifyBeforeURLRequest: http://clients2.google.com/time/1/current?cup2key=10:gONkd7eriBLm11LOgNf3YsJebdGTCIEqnJF1ayUsGSI&cup2hreq=e3b0c44298fc1c149afbf4c8996fb92427ae41e4649b934ca495991b7852b855
[38408:43220:0610/175031.424:VERBOSE1:components\component_updater\component_installer.cc:548] FinishRegistration for Chrome Improved Recovery
[38408:43220:0610/175031.424:VERBOSE1:components\component_updater\component_updater_service.cc:177] CrxUpdateService starting up. First update attempt will take place in 60 s seconds. Next update attempt will take place in 18000 s seconds. 
[38408:43220:0610/175031.424:VERBOSE1:components\component_updater\component_installer.cc:548] FinishRegistration for Subresource Filter Rules
[38408:43220:0610/175031.424:VERBOSE1:components\component_updater\component_installer.cc:548] FinishRegistration for Trust Token Key Commitments
[38408:43220:0610/175031.424:VERBOSE1:components\component_updater\component_installer.cc:548] FinishRegistration for OnDeviceHeadSuggest
[38408:43220:0610/175031.424:VERBOSE1:components\component_updater\component_installer.cc:548] FinishRegistration for Optimization Hints
[38408:43220:0610/175031.424:VERBOSE1:components\component_updater\component_installer.cc:548] FinishRegistration for Certificate Error Assistant
[38408:43220:0610/175031.424:VERBOSE1:components\component_updater\component_installer.cc:548] FinishRegistration for File Type Policies
[38408:43220:0610/175031.424:VERBOSE1:components\component_updater\component_installer.cc:548] FinishRegistration for Widevine Content Decryption Module
[38408:43220:0610/175031.424:VERBOSE1:components\component_updater\component_installer.cc:589] Component ready, version 4.10.3050.0 in C:\Program Files\Google\Chrome\Application\149.0.7827.103\WidevineCdm
[38408:43220:0610/175031.424:VERBOSE1:components\component_updater\component_installer.cc:548] FinishRegistration for PKI Metadata
[38408:43220:0610/175031.424:VERBOSE1:components\component_updater\component_installer.cc:548] FinishRegistration for Safety Tips
[38408:43220:0610/175031.424:VERBOSE1:components\component_updater\component_installer.cc:548] FinishRegistration for Zxcvbn Data Dictionaries
[38408:43220:0610/175031.424:VERBOSE1:components\component_updater\component_installer.cc:548] FinishRegistration for Crowd Deny
[38408:43220:0610/175031.424:VERBOSE1:components\component_updater\component_installer.cc:548] FinishRegistration for Hyphenation
[38408:43220:0610/175031.424:VERBOSE1:components\component_updater\component_installer.cc:548] FinishRegistration for Origin Trials
[38408:43220:0610/175031.424:VERBOSE1:components\component_updater\component_installer.cc:548] FinishRegistration for Actor Safety Lists
[38408:43220:0610/175031.426:VERBOSE1:components\component_updater\component_installer.cc:548] FinishRegistration for Privacy Sandbox Attestations
[38408:43220:0610/175031.426:VERBOSE1:components\component_updater\component_installer.cc:589] Component ready, version 2025.7.18.0 in C:\Program Files\Google\Chrome\Application\149.0.7827.103\PrivacySandboxAttestationsPreloaded
[38408:43220:0610/175031.426:VERBOSE1:chrome\browser\component_updater\privacy_sandbox_attestations_component_installer.cc:111] Privacy Sandbox Attestations Component ready, version 2025.7.18.0 in C:\Program Files\Google\Chrome\Application\149.0.7827.103\PrivacySandboxAttestationsPreloaded
[38408:43220:0610/175031.426:VERBOSE1:chrome\browser\component_updater\privacy_sandbox_attestations_component_installer.cc:188] Received privacy sandbox attestations file
[38408:43220:0610/175031.426:VERBOSE1:components\component_updater\component_installer.cc:548] FinishRegistration for Amount Extraction Heuristic Regexes
[38408:43220:0610/175031.426:VERBOSE1:components\component_updater\component_installer.cc:548] FinishRegistration for WASM TTS Engine
[38408:43220:0610/175031.426:VERBOSE1:components\component_updater\component_installer.cc:548] FinishRegistration for Captcha Providers
[38408:43220:0610/175031.426:VERBOSE1:components\component_updater\component_installer.cc:548] FinishRegistration for MEI Preload
[38408:43220:0610/175031.426:VERBOSE1:components\component_updater\component_installer.cc:589] Component ready, version 1.0.7.1652906823 in C:\Program Files\Google\Chrome\Application\149.0.7827.103\MEIPreload
[38408:43220:0610/175031.426:VERBOSE1:components\component_updater\component_installer.cc:548] FinishRegistration for CRLSet
[38408:43220:0610/175031.426:VERBOSE1:chrome\browser\profiles\profile_manager.cc:1408] AddKeepAlive(Default, kExtensionUpdater). keep_alives=[kBrowserWindow (1), kExtensionUpdater (1)]
[38408:43220:0610/175031.427:VERBOSE1:chrome\browser\local_discovery\service_discovery_device_lister.cc:36] DeviceListerStart: service_type: _googlecast._tcp.local
[38408:43220:0610/175031.427:VERBOSE1:chrome\browser\local_discovery\service_discovery_device_lister.cc:42] DiscoverNewDevices: service_type: _googlecast._tcp.local
[38408:43220:0610/175031.432:VERBOSE1:chrome\browser\component_updater\widevine_cdm_component_installer.cc:94] Registering Widevine CDM 4.10.3050.0 with Chrome
[38408:43220:0610/175031.432:VERBOSE1:components\privacy_sandbox\privacy_sandbox_attestations\privacy_sandbox_attestations.cc:480] Parsed Privacy Sandbox Attestation list version: 2025.7.18.0
[38408:43220:0610/175031.432:VERBOSE1:components\privacy_sandbox\privacy_sandbox_attestations\privacy_sandbox_attestations.cc:482] Number of attestation entries: 263
[38408:43220:0610/175031.434:VERBOSE1:chrome\browser\web_applications\locks\partitioned_lock_manager.cc:262] Acquiring <PartitionedLockId>{id: 0x31, partition: 0} for Start@chrome\browser\web_applications\generated_icon_fix_manager.cc:61
[38408:43220:0610/175031.434:VERBOSE1:chrome\browser\web_applications\locks\partitioned_lock_manager.cc:243] All locks acquired for Start@chrome\browser\web_applications\generated_icon_fix_manager.cc:61
[38408:43220:0610/175031.436:VERBOSE1:chrome\browser\web_applications\locks\partitioned_lock_manager.cc:286] Releasing <PartitionedLockId>{id: 0x31, partition: 0} requested by Start@chrome\browser\web_applications\generated_icon_fix_manager.cc:61
[38408:43220:0610/175031.441:VERBOSE1:components\segmentation_platform\internal\signals\signal_filter_processor.cc:61] Segmentation platform started observing Session.TotalDuration
[38408:43220:0610/175031.441:VERBOSE1:components\segmentation_platform\internal\signals\signal_filter_processor.cc:61] Segmentation platform started observing Commerce.PriceDrops.ActiveTabNavigationComplete.IsProductDetailPage
[38408:43220:0610/175031.441:VERBOSE1:components\segmentation_platform\internal\signals\signal_filter_processor.cc:54] Segmentation platform started observing Autofill_PolledCreditCardSuggestions
[38408:43220:0610/175031.441:VERBOSE1:components\segmentation_platform\internal\signals\signal_filter_processor.cc:61] Segmentation platform started observing IOS.ParcelTracking.Tracked.AutoTrack
[38408:43220:0610/175031.441:VERBOSE1:components\segmentation_platform\internal\signals\signal_filter_processor.cc:61] Segmentation platform started observing Omnibox.SuggestionUsed.ClientSummarizedResultType
[38408:43220:0610/175031.441:VERBOSE1:components\segmentation_platform\internal\signals\signal_filter_processor.cc:54] Segmentation platform started observing MetadataWriter
[38408:43220:0610/175031.441:VERBOSE1:components\segmentation_platform\internal\signals\signal_filter_processor.cc:61] Segmentation platform started observing Sync.DeviceCount2
[38408:43220:0610/175031.441:VERBOSE1:components\segmentation_platform\internal\signals\signal_filter_processor.cc:61] Segmentation platform started observing Sync.DeviceCount2.Phone
[38408:43220:0610/175031.441:VERBOSE1:components\segmentation_platform\internal\signals\signal_filter_processor.cc:61] Segmentation platform started observing Sync.DeviceCount2.Desktop
[38408:43220:0610/175031.441:VERBOSE1:components\segmentation_platform\internal\signals\signal_filter_processor.cc:61] Segmentation platform started observing Sync.DeviceCount2.Tablet
[38408:43220:0610/175031.441:VERBOSE1:components\segmentation_platform\internal\signals\signal_filter_processor.cc:54] Segmentation platform started observing MobileBookmarkManagerOpen
[38408:43220:0610/175031.441:VERBOSE1:components\segmentation_platform\internal\signals\signal_filter_processor.cc:54] Segmentation platform started observing NewTabPage.MostVisited.Clicked
[38408:43220:0610/175031.441:VERBOSE1:components\segmentation_platform\internal\signals\signal_filter_processor.cc:54] Segmentation platform started observing TabGroup.Created.OpenInNewTab
[38408:43220:0610/175031.441:VERBOSE1:components\segmentation_platform\internal\signals\signal_filter_processor.cc:54] Segmentation platform started observing Android.HistoryPage.OpenItem
[38408:43220:0610/175031.441:VERBOSE1:components\segmentation_platform\internal\signals\signal_filter_processor.cc:54] Segmentation platform started observing MobileMenuRecentTabs
[38408:43220:0610/175031.441:VERBOSE1:components\segmentation_platform\internal\signals\signal_filter_processor.cc:61] Segmentation platform started observing PasswordManager.ManagePasswordsReferrer
[38408:43220:0610/175031.441:VERBOSE1:components\segmentation_platform\internal\signals\signal_filter_processor.cc:61] Segmentation platform started observing PasswordManager.ProfileStore.TotalAccountsHiRes3.WithScheme.Https
[38408:43220:0610/175031.441:VERBOSE1:components\segmentation_platform\internal\signals\signal_filter_processor.cc:61] Segmentation platform started observing PasswordManager.FillingAssistance
[38408:43220:0610/175031.441:VERBOSE1:components\segmentation_platform\internal\signals\signal_filter_processor.cc:61] Segmentation platform started observing PasswordManager.SavedPasswordIsGenerated
[38408:43220:0610/175031.441:VERBOSE1:components\segmentation_platform\internal\signals\signal_filter_processor.cc:61] Segmentation platform started observing PasswordManager.SaveUIDismissalReason
[38408:43220:0610/175031.441:VERBOSE1:components\segmentation_platform\internal\signals\signal_filter_processor.cc:61] Segmentation platform started observing PasswordManager.SaveUIDismissalReason
[38408:43220:0610/175031.441:VERBOSE1:components\segmentation_platform\internal\signals\signal_filter_processor.cc:61] Segmentation platform started observing IOS.CredentialExtension.IsEnabled.Startup
[38408:43220:0610/175031.441:VERBOSE1:components\segmentation_platform\internal\signals\signal_filter_processor.cc:61] Segmentation platform started observing Session.TotalDuration
[38476:37604:0610/175031.490:INFO:third_party\webrtc\rtc_base\cpu_info.cc:77] Available number of cores: 12
[17228:25928:0610/175031.527:INFO:third_party\webrtc\rtc_base\cpu_info.cc:77] Available number of cores: 12
[25676:40632:0610/175031.568:ERROR:ui\gl\direct_composition_support.cc:247] GetGpuDriverOverlayInfo: Failed to retrieve video device
[25676:40632:0610/175031.576:VERBOSE1:components\viz\service\main\viz_main_impl.cc:87] VizNullHypothesis is disabled (not a warning)
[26068:33496:0610/175031.604:INFO:third_party\webrtc\rtc_base\cpu_info.cc:77] Available number of cores: 12
[36808:14424:0610/175031.620:INFO:third_party\webrtc\rtc_base\cpu_info.cc:77] Available number of cores: 12
[38408:43220:0610/175031.643:VERBOSE1:components\segmentation_platform\internal\selection\segment_result_provider.cc:136] GetSegmentResult: segment=OPTIMIZATION_TARGET_SEGMENTATION_DEVICE_SWITCHER ignoring DB score, executing model.
[38408:43220:0610/175031.643:VERBOSE1:components\segmentation_platform\internal\selection\segment_result_provider.cc:277] ExecuteModelAndGetScore: segment=OPTIMIZATION_TARGET_SEGMENTATION_DEVICE_SWITCHER server segment info not available
[38408:43220:0610/175031.643:VERBOSE1:components\segmentation_platform\internal\selection\segment_result_provider.cc:210] OnGotModelScore: segment=OPTIMIZATION_TARGET_SEGMENTATION_DEVICE_SWITCHER failed to get database model score, trying default model.
[46944:47848:0610/175031.649:VERBOSE1:net\base\network_delegate.cc:38] NetworkDelegate::NotifyBeforeURLRequest: http://localhost:8000/
[46944:47848:0610/175031.652:VERBOSE1:net\base\network_delegate.cc:38] NetworkDelegate::NotifyBeforeURLRequest: https://safebrowsingohttpgateway.googleapis.com/v1/ohttp/hpkekeyconfig?key=AIzaSyA2KlwBX3mkFo30om9LUFYQhpqLoa_BNhE
[46944:47848:0610/175031.654:VERBOSE1:net\base\network_delegate.cc:38] NetworkDelegate::NotifyBeforeURLRequest: https://www.google.com/async/folae?async=_fmt:pb&udm=50&client_locale=en-US
[46944:47848:0610/175031.655:VERBOSE1:net\base\network_delegate.cc:38] NetworkDelegate::NotifyBeforeURLRequest: https://update.googleapis.com/service/update2/json?cup2key=16:3dV166yKNPnpq0_ghryoHRlhtSZ3vNR-oLiVrvbwYyc&cup2hreq=454239cdde42ddb1338d3bce70bf51b10f9dd068097cf273959b3f90675738f7
[46944:47848:0610/175031.658:VERBOSE1:net\base\network_delegate.cc:38] NetworkDelegate::NotifyBeforeURLRequest: https://accounts.google.com/ListAccounts?gpsia=1&source=ChromiumBrowser&json=standard&laf=b64bin
[46944:47848:0610/175031.658:VERBOSE1:net\base\network_delegate.cc:38] NetworkDelegate::NotifyBeforeURLRequest: https://clientservices.googleapis.com/chrome-variations/seed?osname=win&channel=stable&milestone=149
[38408:43220:0610/175031.663:VERBOSE1:components\signin\internal\identity_manager\mutable_profile_oauth2_token_service_delegate.cc:443] MutablePO2TS::RefreshTokenIsAvailable
[36808:14424:0610/175031.669:VERBOSE1:extensions\renderer\script_context.cc:150] Created context:
  extension id:           nkeimhogjdpnpccoofpliimaahmaaome
  frame:                  0x5a0c02030d50
  URL:                    
  context_type:           BLESSED_EXTENSION
  effective extension id: nkeimhogjdpnpccoofpliimaahmaaome
  effective context type: BLESSED_EXTENSION
[36808:14424:0610/175031.670:VERBOSE1:extensions\renderer\script_context.cc:150] Created context:
  extension id:           (none)
  frame:                  (nil)
  URL:                    
  context_type:           UNSPECIFIED
  effective extension id: (none)
  effective context type: UNSPECIFIED
[36808:14424:0610/175031.671:VERBOSE1:extensions\renderer\dispatcher.cc:493] Num tracked contexts: 1
[38408:43220:0610/175031.687:VERBOSE1:components\signin\internal\identity_manager\mutable_profile_oauth2_token_service_delegate.cc:443] MutablePO2TS::RefreshTokenIsAvailable
[17228:25928:0610/175031.688:VERBOSE1:extensions\renderer\script_context.cc:150] Created context:
  extension id:           (none)
  frame:                  0x674402030d50
  URL:                    
  context_type:           WEB_PAGE
  effective extension id: (none)
  effective context type: WEB_PAGE
[17228:25928:0610/175031.689:VERBOSE1:extensions\renderer\script_context.cc:150] Created context:
  extension id:           (none)
  frame:                  (nil)
  URL:                    
  context_type:           UNSPECIFIED
  effective extension id: (none)
  effective context type: UNSPECIFIED
[17228:25928:0610/175031.689:VERBOSE1:extensions\renderer\dispatcher.cc:493] Num tracked contexts: 1
[46944:47848:0610/175031.691:VERBOSE1:net\base\network_delegate.cc:38] NetworkDelegate::NotifyBeforeURLRequest: https://cdn.tailwindcss.com/
[46944:47848:0610/175031.691:VERBOSE1:net\base\network_delegate.cc:38] NetworkDelegate::NotifyBeforeURLRequest: https://unpkg.com/lucide@latest
[46944:47848:0610/175031.692:VERBOSE1:net\base\network_delegate.cc:38] NetworkDelegate::NotifyBeforeURLRequest: https://cdn.jsdelivr.net/npm/chart.js
[46944:47848:0610/175031.692:VERBOSE1:net\base\network_delegate.cc:38] NetworkDelegate::NotifyBeforeURLRequest: http://localhost:8000/styles.css
[46944:47848:0610/175031.692:VERBOSE1:net\base\network_delegate.cc:38] NetworkDelegate::NotifyBeforeURLRequest: http://localhost:8000/db.js
[46944:47848:0610/175031.692:VERBOSE1:net\base\network_delegate.cc:38] NetworkDelegate::NotifyBeforeURLRequest: http://localhost:8000/app.js
[46944:47848:0610/175031.697:VERBOSE1:net\base\network_delegate.cc:38] NetworkDelegate::NotifyBeforeURLRequest: https://cdn.tailwindcss.com/3.4.17
[15276:33244:0610/175031.740:INFO:third_party\webrtc\rtc_base\cpu_info.cc:77] Available number of cores: 12
[38408:43220:0610/175031.757:INFO:CONSOLE:64] "cdn.tailwindcss.com should not be used in production. To use Tailwind CSS in production, install it as a PostCSS plugin or use the Tailwind CLI: https://tailwindcss.com/docs/installation", source: https://cdn.tailwindcss.com/ (64)
[15276:37804:0610/175031.795:VERBOSE1:extensions\renderer\script_context.cc:150] Created context:
  extension id:           fignfifoniblkonapihmkfakmlgkbkcf
  frame:                  (nil)
  URL:                    
  context_type:           BLESSED_EXTENSION
  effective extension id: fignfifoniblkonapihmkfakmlgkbkcf
  effective context type: BLESSED_EXTENSION
[15276:37804:0610/175031.796:VERBOSE1:extensions\renderer\script_context.cc:150] Created context:
  extension id:           (none)
  frame:                  (nil)
  URL:                    
  context_type:           UNSPECIFIED
  effective extension id: (none)
  effective context type: UNSPECIFIED
[46944:47848:0610/175032.007:VERBOSE1:net\third_party\quiche\src\quiche\quic\core\tls_handshaker.cc:109] TlsClient: Continuing handshake
[46944:47848:0610/175032.032:VERBOSE1:net\third_party\quiche\src\quiche\quic\core\tls_handshaker.cc:109] TlsClient: Continuing handshake
[38408:43220:0610/175033.802:VERBOSE1:components\signin\core\browser\account_reconcilor.cc:559] AccountReconcilor::OnAccountsInCookieUpdated: CookieJar 0 accounts, Reconcilor's state is 1, Error was 
[38408:43220:0610/175033.802:VERBOSE1:components\signin\core\browser\account_reconcilor.cc:653] AccountReconcilor::LoadValidAccountsFromTokenService: Chrome 0 accounts
[38408:43220:0610/175033.802:VERBOSE1:components\signin\core\browser\account_reconcilor.cc:783] AccountReconcilor::CalculateIfMultiloginReconcileIsDone: Error was 
[38408:43220:0610/175033.802:VERBOSE1:components\signin\core\browser\account_reconcilor.cc:689] AccountReconcilor::StartReconcileIfChromeAccountsChanged
[38408:43220:0610/175033.802:VERBOSE1:components\update_client\request_sender.cc:188] Request completed from url: https://update.googleapis.com/service/update2/json?cup2key=16:3dV166yKNPnpq0_ghryoHRlhtSZ3vNR-oLiVrvbwYyc&cup2hreq=454239cdde42ddb1338d3bce70bf51b10f9dd068097cf273959b3f90675738f7
[38408:43220:0610/175033.803:VERBOSE1:components\signin\core\browser\account_reconcilor.cc:559] AccountReconcilor::OnAccountsInCookieUpdated: CookieJar 0 accounts, Reconcilor's state is 1, Error was 
[38408:43220:0610/175033.803:VERBOSE1:components\signin\core\browser\account_reconcilor.cc:653] AccountReconcilor::LoadValidAccountsFromTokenService: Chrome 0 accounts
[38408:43220:0610/175033.803:VERBOSE1:components\signin\core\browser\account_reconcilor.cc:783] AccountReconcilor::CalculateIfMultiloginReconcileIsDone: Error was 
[38408:43220:0610/175033.803:VERBOSE1:components\signin\core\browser\account_reconcilor.cc:689] AccountReconcilor::StartReconcileIfChromeAccountsChanged
[46944:47848:0610/175033.807:VERBOSE1:net\base\network_delegate.cc:38] NetworkDelegate::NotifyBeforeURLRequest: https://clients2.googleusercontent.com/crx/blobs/AcPRoerTxkx-KMw0SI_bY7OKqN3Tqk_9inpbP-TiGhqLBvX6SxW98h1mCPT5BiR9lpFEe5nEJzi2QrmohaU507ZIX4U2zrv-hhpPL3JWvbNkSsJ7CrWr8dHehYn3FHqoJj-KAMZSmuXdqQqvPCeVX2TUhqh3PMsDdjmZew/BFOGIAFEBFOHIELMMEHODMFBBEBBBPEI_17_9_0_0.crx
[46944:47848:0610/175033.832:VERBOSE1:net\base\network_delegate.cc:38] NetworkDelegate::NotifyBeforeURLRequest: https://unpkg.com/lucide@1.17.0/dist/umd/lucide.min.js
[46944:47848:0610/175033.859:VERBOSE1:net\base\network_delegate.cc:38] NetworkDelegate::NotifyBeforeURLRequest: https://fonts.googleapis.com/css2?family=Plus+Jakarta+Sans:wght@300;400;500;600;700;800&display=swap
[46944:47848:0610/175033.962:VERBOSE1:net\base\network_delegate.cc:38] NetworkDelegate::NotifyBeforeURLRequest: https://fonts.gstatic.com/s/plusjakartasans/v12/LDIoaomQNQcsA88c7O9yZ4KMCoOg4Ko20yw.woff2
[46944:1412:0610/175033.962:WARNING:net\disk_cache\blockfile\backend_impl.cc:1859] Destroying invalid entry.
[46944:47848:0610/175034.015:VERBOSE1:net\base\network_delegate.cc:38] NetworkDelegate::NotifyBeforeURLRequest: https://fonts.gstatic.com/s/plusjakartasans/v12/LDIoaomQNQcsA88c7O9yZ4KMCoOg4Ko20yw.woff2
[38408:43220:0610/175034.112:INFO:CONSOLE:0] "[DOM] Input elements should have autocomplete attributes (suggested: "current-password"): (More info: https://goo.gl/9p2vKq) %o", source: http://localhost:8000/ (0)
[38408:43220:0610/175034.112:INFO:CONSOLE:0] "[DOM] Input elements should have autocomplete attributes (suggested: "current-password"): (More info: https://goo.gl/9p2vKq)", source: http://localhost:8000/ (0)
[46944:47848:0610/175034.126:VERBOSE1:net\base\network_delegate.cc:38] NetworkDelegate::NotifyBeforeURLRequest: https://content-autofill.googleapis.com/v1/pages/ChVDaHJvbWUvMTQ5LjAuNzgyNy4xMDMSgQEJiW9AhD17E0wSDQ0y0WsNKgYIAhgFIAASDQ34fwVyKgYIBRgFIAcSDQ1bUdziKgYIARgAIAYSDw3L8lTeKggIABgBIAQ4BhIPDUG3DCIqCAgCGAcgBTgDEg8N5jc16yoICAYYByAGOAQhLPZkxOezM5wpLPZkxOezM5wyBAgGIAYShQEJ7W5ZYvc27Y4SDw3GC0oBKggIARgBIAI4BBIPDfBvJ0gqCAgAGAEgAjgFEg8NLIZKFyoICAYYAiADOAQSDw0xeN6aKggIARgBIAE4ABINDfmwI3cqBggHGAUgARIPDYxSTfoqCAgEGAEgAjgCIb4Z-_Fq_IA_Kb4Z-_Fq_IA_MgQIAiAEEkMJK_yA8dgIiJoSDw1mVgFXKggIBRgBIAM4BBIPDY6GKKgqCAgFGAIgBDgGIVG67w0Wi-xpKVG67w0Wi-xpMgQIAyAGElIJ7RygqN7Tqv0SDw2C4Du1KggIAxgBIAI4BBIPDSQG2YkqCAgCGAcgAjgDEg0N23avoSoGCAAYBSAFIZActsKwHs9yKZActsKwHs9yMgQIBiAFEpABCZIPkwK_u33nEg8N-pxyVCoICAAYASADOAUSDw0o0FyEKggIBBgFIAA4BxIPDSt7w_gqCAgHGAEgBTgFEg0Nr83s1CoGCAIYBSAHEg0NZODOESoGCAYYBSADEg0Nx3lniioGCAYYByAFEg0NSJ8ELioGCAMYBSAFISTBO1GMrUCSKSTBO1GMrUCSMgQIASABEvgDCfz8doSj1ulXEg0NiMc1pioGCAUYBSAHEg0NjcYkJyoGCAMYBSABEg0Nv_C1bCoGCAYYBSAAEg8NLxXy7CoICAUYASACOAISDQ1MMRSUKgYIBhgFIAcSDQ1Nj6SuKgYIAhgFIAcSDQ0OGdAjKgYIBxgFIAASDQ1OgIaFKgYIAxgAIAASDQ1ybytVKgYIBhgFIAISCw2BkPF8KgQYAiAEEgsNkWGVTioEGAEgARILDYGQ8XwqBBgCIAQSCw2RYZVOKgQYASABEgsNgZDxfCoEGAIgBBILDZFhlU4qBBgBIAESCw2BkPF8KgQYAiAEEgsNkWGVTioEGAEgARILDYGQ8XwqBBgCIAQSCw2RYZVOKgQYASABEgsNgZDxfCoEGAIgBBILDZFhlU4qBBgBIAESCw2BkPF8KgQYAiAEEgsNkWGVTioEGAEgARILDYGQ8XwqBBgCIAQSCw2RYZVOKgQYASABEgsNgZDxfCoEGAIgBBILDZFhlU4qBBgBIAESCw2BkPF8KgQYAiAEEgsNkWGVTioEGAEgARILDYGQ8XwqBBgCIAQSCw2RYZVOKgQYASABEgsNgZDxfCoEGAIgBBILDZFhlU4qBBgBIAESCw2BkPF8KgQYAiAEEgsNkWGVTioEGAEgASFvEs3uGBEFDylvEs3uGBEFDzIA?alt=proto
[46944:47848:0610/175034.274:VERBOSE1:net\third_party\quiche\src\quiche\quic\core\tls_handshaker.cc:109] TlsClient: Continuing handshake
[38408:43220:0610/175034.704:VERBOSE1:chrome\browser\web_applications\locks\partitioned_lock_manager.cc:262] Acquiring <PartitionedLockId>{id: 0x31, partition: 0} for RunDiagnostics@chrome\browser\ui\web_applications\diagnostics\web_app_icon_health_checks.cc:64
[38408:43220:0610/175034.705:VERBOSE1:chrome\browser\web_applications\locks\partitioned_lock_manager.cc:262] Acquiring <PartitionedLockId>{id: 0x706f6d6d61636c6362666768636c68616c626f616b636970636d6d6e6468636a, partition: 1} for RunDiagnostics@chrome\browser\ui\web_applications\diagnostics\web_app_icon_health_checks.cc:64
[38408:43220:0610/175034.705:VERBOSE1:chrome\browser\web_applications\locks\partitioned_lock_manager.cc:243] All locks acquired for RunDiagnostics@chrome\browser\ui\web_applications\diagnostics\web_app_icon_health_checks.cc:64
[38408:22688:0610/175034.705:VERBOSE1:chrome\installer\util\install_util.cc:218] Existing Chrome version found: 149.0.7827.103
[38408:43220:0610/175034.705:VERBOSE1:components\enterprise\browser\reporting\saas_usage\saas_usage_report_scheduler.cc:106] Scheduling next browser SaaS usage report at 1601-01-01 04:00:00.000000 UTC
[38408:22688:0610/175034.706:VERBOSE1:chrome\installer\util\install_util.cc:242] No existing Chrome install found.
[38408:43220:0610/175034.707:VERBOSE1:components\enterprise\browser\reporting\saas_usage\saas_usage_report_scheduler.cc:74] No domain metrics aggregated - skipping browser report upload.
[38408:43220:0610/175034.707:VERBOSE1:components\enterprise\browser\reporting\saas_usage\saas_usage_report_scheduler.cc:106] Scheduling next browser SaaS usage report at 2026-06-10 16:20:34.708038 UTC
[38408:43220:0610/175034.708:VERBOSE1:chrome\browser\web_applications\locks\partitioned_lock_manager.cc:286] Releasing <PartitionedLockId>{id: 0x706f6d6d61636c6362666768636c68616c626f616b636970636d6d6e6468636a, partition: 1} requested by RunDiagnostics@chrome\browser\ui\web_applications\diagnostics\web_app_icon_health_checks.cc:64
[38408:43220:0610/175034.708:VERBOSE1:chrome\browser\web_applications\locks\partitioned_lock_manager.cc:286] Releasing <PartitionedLockId>{id: 0x31, partition: 0} requested by RunDiagnostics@chrome\browser\ui\web_applications\diagnostics\web_app_icon_health_checks.cc:64
[38408:43220:0610/175034.709:VERBOSE1:chrome\browser\web_applications\locks\partitioned_lock_manager.cc:262] Acquiring <PartitionedLockId>{id: 0x31, partition: 0} for ApplyRunOnOsLoginPolicySettings@chrome\browser\web_applications\policy\web_app_policy_manager.cc:593
[38408:43220:0610/175034.709:VERBOSE1:chrome\browser\web_applications\locks\partitioned_lock_manager.cc:262] Acquiring <PartitionedLockId>{id: 0x706f6d6d61636c6362666768636c68616c626f616b636970636d6d6e6468636a, partition: 1} for ApplyRunOnOsLoginPolicySettings@chrome\browser\web_applications\policy\web_app_policy_manager.cc:593
[38408:43220:0610/175034.709:VERBOSE1:chrome\browser\web_applications\locks\partitioned_lock_manager.cc:243] All locks acquired for ApplyRunOnOsLoginPolicySettings@chrome\browser\web_applications\policy\web_app_policy_manager.cc:593
[38408:43220:0610/175034.709:VERBOSE1:chrome\browser\profiles\profile_manager.cc:1408] AddKeepAlive(Default, kWebAppUpdate). keep_alives=[kBrowserWindow (1), kExtensionUpdater (1), kWebAppUpdate (1)]
[38408:43220:0610/175034.709:VERBOSE1:chrome\browser\web_applications\locks\partitioned_lock_manager.cc:286] Releasing <PartitionedLockId>{id: 0x706f6d6d61636c6362666768636c68616c626f616b636970636d6d6e6468636a, partition: 1} requested by ApplyRunOnOsLoginPolicySettings@chrome\browser\web_applications\policy\web_app_policy_manager.cc:593
[38408:43220:0610/175034.709:VERBOSE1:chrome\browser\web_applications\locks\partitioned_lock_manager.cc:286] Releasing <PartitionedLockId>{id: 0x31, partition: 0} requested by ApplyRunOnOsLoginPolicySettings@chrome\browser\web_applications\policy\web_app_policy_manager.cc:593
[38408:43220:0610/175034.709:VERBOSE1:chrome\browser\web_applications\locks\partitioned_lock_manager.cc:318] Acquiring <PartitionedLockId>{id: 0x31, partition: 0} for SynchronizeInstalledApps@chrome\browser\web_applications\externally_managed_app_manager.cc:186
[38408:43220:0610/175034.709:VERBOSE1:chrome\browser\web_applications\locks\partitioned_lock_manager.cc:243] All locks acquired for SynchronizeInstalledApps@chrome\browser\web_applications\externally_managed_app_manager.cc:186
[38408:43220:0610/175034.709:VERBOSE1:chrome\browser\profiles\profile_manager.cc:1469] RemoveKeepAlive(Default, kWebAppUpdate). keep_alives=[kBrowserWindow (1), kExtensionUpdater (1)]
[38408:43220:0610/175034.709:VERBOSE1:chrome\browser\web_applications\locks\partitioned_lock_manager.cc:286] Releasing <PartitionedLockId>{id: 0x31, partition: 0} requested by SynchronizeInstalledApps@chrome\browser\web_applications\externally_managed_app_manager.cc:186
[38408:23880:0610/175034.727:VERBOSE1:components\component_updater\component_installer.cc:477] StartRegistration for Related Website Sets
[38408:43220:0610/175034.728:VERBOSE1:components\component_updater\component_installer.cc:548] FinishRegistration for Related Website Sets
[38408:43220:0610/175034.728:VERBOSE1:chrome\browser\component_updater\first_party_sets_component_installer.cc:42] Received Related Website Sets
[38408:43220:0610/175034.732:VERBOSE1:components\device_event_log\device_event_log_impl.cc:203] [17:50:34.732] USB: USER: usb_service_win.cc:765 USB device added: path=\\?\usb#vid_8087&pid_0033#5&1135a245&0&10#{a5dcbf10-6530-11d2-901f-00c04fb951ed} vendor=32903 "", product=51 "", serial="", driver="BTHUSB", guid=3d0ddcea-d0bb-492c-97ed-2e05568b25db
[38408:43220:0610/175034.732:VERBOSE1:components\device_event_log\device_event_log_impl.cc:203] [17:50:34.732] USB: DEBUG: usb_device_handle_win.cc:1091 Failed to read descriptor from node connection: A device attached to the system is not functioning. (0x1F)
[46944:47848:0610/175034.733:VERBOSE1:net\base\network_delegate.cc:38] NetworkDelegate::NotifyBeforeURLRequest: https://android.clients.google.com/checkin
[38408:43220:0610/175034.733:VERBOSE1:components\device_event_log\device_event_log_impl.cc:203] [17:50:34.734] USB: USER: usb_service_win.cc:765 USB device added: path=\\?\usb#vid_0a5c&pid_5843#0123456789abcd#{a5dcbf10-6530-11d2-901f-00c04fb951ed} vendor=2652 "", product=22595 "", serial="0123456789ABCD", driver="cvusbdrv", guid=93c0071a-8ea9-463d-87da-4d9a3345db48
[38408:43220:0610/175034.734:VERBOSE1:components\device_event_log\device_event_log_impl.cc:203] [17:50:34.734] USB: USER: usb_service_win.cc:765 USB device added: path=\\?\usb#vid_0bda&pid_5551#200901010001#{a5dcbf10-6530-11d2-901f-00c04fb951ed} vendor=3034 "CN06XX8D8LG0032MD86BA01", product=21841 "Integrated_Webcam_FHD", serial="200901010001", driver="usbccgp", guid=fdaa35d1-93a5-4d59-8366-517fb891ba46
[38408:43220:0610/175034.734:VERBOSE1:components\device_event_log\device_event_log_impl.cc:203] [17:50:34.735] USB: USER: usb_service_win.cc:765 USB device added: path=\\?\usb#vid_03f0&pid_0066#5&1135a245&0&4#{a5dcbf10-6530-11d2-901f-00c04fb951ed} vendor=1008 "", product=102 "2.4G Keyboard", serial="", driver="usbccgp", guid=2605b3c1-7f47-456a-b967-48a453714018
[38408:43220:0610/175034.735:VERBOSE1:components\device_event_log\device_event_log_impl.cc:203] [17:50:34.736] USB: USER: usb_service_win.cc:765 USB device added: path=\\?\usb#vid_413c&pid_f6d0#11ad1d0a03fc7e0d47270b00#{a5dcbf10-6530-11d2-901f-00c04fb951ed} vendor=16700 "Dell", product=63184 "Universal Dock UD22", serial="11AD1D0A03FC7E0D47270B00", driver="usbccgp", guid=89fa29fd-be06-4d28-b9d4-dfd97035581a
[38408:43220:0610/175034.735:VERBOSE1:components\device_event_log\device_event_log_impl.cc:203] [17:50:34.736] USB: DEBUG: usb_device_handle_win.cc:1091 Failed to read descriptor from node connection: A device attached to the system is not functioning. (0x1F)
[38408:43220:0610/175034.735:VERBOSE1:components\device_event_log\device_event_log_impl.cc:203] [17:50:34.736] USB: USER: usb_service_win.cc:765 USB device added: path=\\?\usb#vid_413c&pid_b06e#2089397e4653#{a5dcbf10-6530-11d2-901f-00c04fb951ed} vendor=16700 "", product=45166 "", serial="2089397E4653", driver="usbccgp", guid=c7cef3a8-7156-4544-8075-4af1cc6fadf5
[38408:43220:0610/175034.737:VERBOSE1:components\device_event_log\device_event_log_impl.cc:203] [17:50:34.737] USB: USER: usb_service_win.cc:765 USB device added: path=\\?\usb#vid_0b0e&pid_0e36#b000001840da11#{a5dcbf10-6530-11d2-901f-00c04fb951ed} vendor=2830 "GN Audio A/S", product=3638 "Jabra Evolve2 30 SE", serial="B000001840DA11", driver="usbccgp", guid=b0c48594-46f6-4c30-aa4f-4345fac01407
[38408:43220:0610/175034.737:VERBOSE1:components\device_event_log\device_event_log_impl.cc:203] [17:50:34.738] USB: USER: usb_service_win.cc:765 USB device added: path=\\?\usb#vid_17e9&pid_6013#2504020169#{a5dcbf10-6530-11d2-901f-00c04fb951ed} vendor=6121 "DisplayLink", product=24595 "Dell Universal Hybrid Video Dock", serial="2504020169", driver="usbccgp", guid=69bd6179-939e-411c-a53c-a11a535c3fc4
[38408:43220:0610/175034.738:VERBOSE1:chrome\browser\web_applications\preinstalled_web_app_manager.cc:982] https://mail.google.com/mail/installwebapp?usp=chrome_default uninstall due to admin policy blocking replacement Extension.
[38408:43220:0610/175034.738:VERBOSE1:chrome\browser\web_applications\preinstalled_web_app_manager.cc:982] https://docs.google.com/document/installwebapp?usp=chrome_default uninstall due to admin policy blocking replacement Extension.
[38408:43220:0610/175034.738:VERBOSE1:chrome\browser\web_applications\preinstalled_web_app_manager.cc:982] https://drive.google.com/drive/installwebapp?usp=chrome_default uninstall due to admin policy blocking replacement Extension.
[38408:43220:0610/175034.738:VERBOSE1:chrome\browser\web_applications\preinstalled_web_app_manager.cc:982] https://docs.google.com/spreadsheets/installwebapp?usp=chrome_default uninstall due to admin policy blocking replacement Extension.
[38408:43220:0610/175034.738:VERBOSE1:chrome\browser\web_applications\preinstalled_web_app_manager.cc:982] https://docs.google.com/presentation/installwebapp?usp=chrome_default uninstall due to admin policy blocking replacement Extension.
[38408:43220:0610/175034.738:VERBOSE1:chrome\browser\web_applications\preinstalled_web_app_manager.cc:982] https://www.youtube.com/s/notifications/manifest/cr_install.html uninstall due to admin policy blocking replacement Extension.
[38408:43220:0610/175034.738:VERBOSE1:chrome\browser\web_applications\locks\partitioned_lock_manager.cc:262] Acquiring <PartitionedLockId>{id: 0x31, partition: 0} for SynchronizeInstalledApps@chrome\browser\web_applications\externally_managed_app_manager.cc:186
[38408:43220:0610/175034.738:VERBOSE1:chrome\browser\web_applications\locks\partitioned_lock_manager.cc:243] All locks acquired for SynchronizeInstalledApps@chrome\browser\web_applications\externally_managed_app_manager.cc:186
[38408:43220:0610/175034.738:VERBOSE1:chrome\browser\web_applications\locks\partitioned_lock_manager.cc:286] Releasing <PartitionedLockId>{id: 0x31, partition: 0} requested by SynchronizeInstalledApps@chrome\browser\web_applications\externally_managed_app_manager.cc:186
[38408:43220:0610/175034.739:VERBOSE1:chrome\browser\web_applications\locks\partitioned_lock_manager.cc:262] Acquiring <PartitionedLockId>{id: 0x31, partition: 0} for MaybeStartNext@chrome\browser\web_applications\externally_managed_app_manager.cc:271
[38408:43220:0610/175034.739:VERBOSE1:chrome\browser\web_applications\locks\partitioned_lock_manager.cc:243] All locks acquired for MaybeStartNext@chrome\browser\web_applications\externally_managed_app_manager.cc:271
[38408:43220:0610/175034.739:VERBOSE1:chrome\browser\web_applications\locks\partitioned_lock_manager.cc:286] Releasing <PartitionedLockId>{id: 0x31, partition: 0} requested by MaybeStartNext@chrome\browser\web_applications\externally_managed_app_manager.cc:271
[38408:43220:0610/175034.739:VERBOSE1:chrome\browser\web_applications\locks\partitioned_lock_manager.cc:318] Acquiring <PartitionedLockId>{id: 0x31, partition: 0} for ContinueSynchronization@chrome\browser\web_applications\externally_managed_app_manager.cc:736
[38408:43220:0610/175034.739:VERBOSE1:chrome\browser\web_applications\locks\partitioned_lock_manager.cc:243] All locks acquired for ContinueSynchronization@chrome\browser\web_applications\externally_managed_app_manager.cc:736
[38408:43220:0610/175034.739:VERBOSE1:chrome\browser\web_applications\locks\partitioned_lock_manager.cc:286] Releasing <PartitionedLockId>{id: 0x31, partition: 0} requested by ContinueSynchronization@chrome\browser\web_applications\externally_managed_app_manager.cc:736
[38408:22572:0610/175034.749:VERBOSE1:net\dns\mdns_client_impl.cc:204] Sockets ready:1
[38408:43220:0610/175034.763:VERBOSE1:chrome\browser\local_discovery\service_discovery_device_lister.cc:54] OnServiceUpdated: service_type: _googlecast._tcp.local, service_name: PANASONIC-TV-5fc1b7363eb0863faadfe41657c6233d._googlecast._tcp.local, update: 0
[38408:43220:0610/175034.763:VERBOSE1:chrome\browser\local_discovery\service_discovery_device_lister.cc:82] Adding resolver for service_name: PANASONIC-TV-5fc1b7363eb0863faadfe41657c6233d._googlecast._tcp.local
[38408:43220:0610/175034.763:VERBOSE1:chrome\browser\local_discovery\service_discovery_device_lister.cc:98] OnResolveComplete: service_type: _googlecast._tcp.local, service_name: PANASONIC-TV-5fc1b7363eb0863faadfe41657c6233d._googlecast._tcp.local, status: 0
[38408:43220:0610/175035.022:INFO:CONSOLE:1089] "LAYOUT_DEBUG: main=756x2210, dbView=708x2162, body=756x2841", source: http://localhost:8000/ (1089)
